<?xml version="1.0" encoding="UTF-8"?>
<!-- Generated by org.testng.reporters.JUnitReportReporter -->
<testsuite skipped="0" hostname="ASDLAPKCH0119" name="com.w2a.testcases.PracticeTest" tests="1" failures="0" timestamp="2023-04-27T18:16:42 IST" time="19.355" errors="0">
  <testcase name="run" time="19.355" classname="com.w2a.testcases.PracticeTest"/>
  <system-out/>
</testsuite> <!-- com.w2a.testcases.PracticeTest -->
